<?xml version="1.0" encoding="utf-8"?><testsuites name="pytest tests"><testsuite name="pytest" errors="0" failures="0" skipped="0" tests="12" time="23.555" timestamp="2026-04-25T10:49:04.317651+00:00" hostname="agent-env-ba56b6e1-73fc-4761-ad13-7a0bd70cdba9"><testcase classname="backend.tests.backend_test" name="test_root" time="0.257" /><testcase classname="backend.tests.backend_test" name="test_register_returns_token_and_user" time="0.276" /><testcase classname="backend.tests.backend_test" name="test_register_duplicate" time="0.049" /><testcase classname="backend.tests.backend_test" name="test_login_success" time="0.268" /><testcase classname="backend.tests.backend_test" name="test_login_invalid" time="0.048" /><testcase classname="backend.tests.backend_test" name="test_me" time="0.049" /><testcase classname="backend.tests.backend_test" name="test_questions" time="0.048" /><testcase classname="backend.tests.backend_test" name="test_onboarding_submit_and_result" time="17.790" /><testcase classname="backend.tests.backend_test" name="test_save_project" time="0.105" /><testcase classname="backend.tests.backend_test" name="test_update_profile" time="0.046" /><testcase classname="backend.tests.backend_test" name="test_ai_chat" time="4.500" /><testcase classname="backend.tests.backend_test" name="test_protected_no_token" time="0.043" /></testsuite></testsuites>