<?xml version="1.0" encoding="utf-8"?><testsuites name="pytest tests"><testsuite name="pytest" errors="0" failures="1" skipped="0" tests="34" time="32.861" timestamp="2026-04-25T12:31:41.680306+00:00" hostname="agent-env-ba56b6e1-73fc-4761-ad13-7a0bd70cdba9"><testcase classname="backend.tests.backend_test" name="test_root" time="0.260" /><testcase classname="backend.tests.backend_test" name="test_register_returns_token_and_user" time="0.279" /><testcase classname="backend.tests.backend_test" name="test_register_duplicate" time="0.051" /><testcase classname="backend.tests.backend_test" name="test_login_success" time="0.279" /><testcase classname="backend.tests.backend_test" name="test_login_invalid" time="0.046" /><testcase classname="backend.tests.backend_test" name="test_me" time="0.048" /><testcase classname="backend.tests.backend_test" name="test_protected_no_token" time="0.047" /><testcase classname="backend.tests.backend_test" name="test_questions" time="0.048" /><testcase classname="backend.tests.backend_test" name="test_onboarding_submit_and_result" time="26.169" /><testcase classname="backend.tests.backend_test" name="test_save_project_with_phase2_fields" time="0.102" /><testcase classname="backend.tests.backend_test" name="test_update_profile" time="0.049" /><testcase classname="backend.tests.backend_test" name="test_ai_chat" time="1.495" /><testcase classname="backend.tests.backend_test" name="test_admin_login_success" time="0.270" /><testcase classname="backend.tests.backend_test" name="test_admin_login_wrong_password" time="0.270" /><testcase classname="backend.tests.backend_test" name="test_admin_login_returns_admin_flag" time="0.279" /><testcase classname="backend.tests.backend_test" name="test_admin_users" time="0.062" /><testcase classname="backend.tests.backend_test" name="test_admin_users_forbidden_for_regular_user" time="0.046" /><testcase classname="backend.tests.backend_test" name="test_admin_stats" time="0.051" /><testcase classname="backend.tests.backend_test" name="test_plans" time="0.047" /><testcase classname="backend.tests.backend_test" name="test_user_postit_blue" time="0.058" /><testcase classname="backend.tests.backend_test" name="test_user_list_postits" time="0.047" /><testcase classname="backend.tests.backend_test" name="test_admin_postit_to_user_is_gold" time="0.092" /><testcase classname="backend.tests.backend_test" name="test_postit_mark_read_and_delete" time="0.144" /><testcase classname="backend.tests.backend_test" name="test_event_create_admin" time="0.055" /><testcase classname="backend.tests.backend_test" name="test_event_create_forbidden_user" time="0.046" /><testcase classname="backend.tests.backend_test" name="test_user_list_events_visible" time="0.048" /><testcase classname="backend.tests.backend_test" name="test_event_plan_filter_silver_hidden_from_bronze" time="0.092" /><testcase classname="backend.tests.backend_test" name="test_resources_seeded" time="0.048" /><testcase classname="backend.tests.backend_test" name="test_resource_create_admin" time="0.048" /><testcase classname="backend.tests.backend_test" name="test_resource_create_forbidden_user" time="0.046" /><testcase classname="backend.tests.backend_test" name="test_document_upload_list_download_delete" time="0.640" /><testcase classname="backend.tests.backend_test" name="test_checkout_session_creates_url_and_db_entry" time="0.715" /><testcase classname="backend.tests.backend_test" name="test_checkout_invalid_plan" time="0.044" /><testcase classname="backend.tests.backend_test" name="test_checkout_status_unpaid" time="0.631"><failure message="assert 500 == 200&#10; +  where 500 = &lt;Response [500]&gt;.status_code">backend/tests/backend_test.py:348: in test_checkout_status_unpaid
    assert r2.status_code == 200
E   assert 500 == 200
E    +  where 500 = &lt;Response [500]&gt;.status_code</failure></testcase></testsuite></testsuites>